01:21:00,567 [INFO ] logic.ApplicationLogic(10): start - <--- ApplicationLogic.start
01:21:04,172 [INFO ] logic.ApplicationLogic(12): start - ---> ApplicationLogic.start
01:21:04,212 [INFO ] tests.LoginTest(39): testBlankCredentials - <- LoginTest.testBlankCredentials
01:21:08,959 [DEBUG] tests.LoginTest(55): checkTextAfterBlankLogin - <--- LoginTest.checkTextAfterInvalidLogin
01:21:10,233 [DEBUG] tests.LoginTest(58): checkTextAfterBlankLogin - --->
01:21:10,235 [INFO ] tests.LoginTest(29): testInvalidCredentials - <- LoginTest.testInvalidCredentials
01:21:18,227 [DEBUG] tests.LoginTest(63): checkTextAfterInvalidLogin - <--- LoginTest.checkTextAfterInvalidLogin
01:21:18,308 [DEBUG] tests.LoginTest(65): checkTextAfterInvalidLogin - --->
01:21:18,311 [INFO ] tests.LoginTest(34): testInvalidCredentials - ->
01:21:18,311 [INFO ] logic.ApplicationLogic(16): stop - <--- ApplicationLogic.stop
01:21:18,965 [INFO ] logic.ApplicationLogic(18): stop - ---> ApplicationLogic.stop
01:21:18,973 [INFO ] logic.ApplicationLogic(10): start - <--- ApplicationLogic.start
01:22:06,822 [INFO ] logic.ApplicationLogic(10): start - <--- ApplicationLogic.start
01:22:09,923 [INFO ] logic.ApplicationLogic(12): start - ---> ApplicationLogic.start
01:22:09,942 [INFO ] tests.LoginTest(39): testBlankCredentials - <- LoginTest.testBlankCredentials
01:22:10,986 [DEBUG] tests.LoginTest(55): checkTextAfterBlankLogin - <--- LoginTest.checkTextAfterInvalidLogin
01:22:11,102 [DEBUG] tests.LoginTest(58): checkTextAfterBlankLogin - --->
01:22:11,114 [INFO ] tests.LoginTest(29): testInvalidCredentials - <- LoginTest.testInvalidCredentials
01:22:12,375 [DEBUG] tests.LoginTest(63): checkTextAfterInvalidLogin - <--- LoginTest.checkTextAfterInvalidLogin
01:22:12,453 [DEBUG] tests.LoginTest(65): checkTextAfterInvalidLogin - --->
01:22:12,457 [INFO ] tests.LoginTest(34): testInvalidCredentials - ->
